2023-11-04.06:27:54.108 [info] /
2023-11-04.06:27:54.177 [info] /
2023-11-04.06:27:54.203 [info] /
2023-11-04.06:28:19.353 [info] /data/user
2023-11-04.09:51:39.349 [info] /data/user
2023-11-04.09:51:39.552 [info] /data/user
2023-11-04.09:51:39.665 [info] /data/user
2023-11-04.09:51:43.048 [info] /data/user
2023-11-04.09:51:43.095 [info] /data/user
2023-11-04.09:56:26.501 [error] Error [ERR_STREAM_WRITE_AFTER_END]: write after end
    at new NodeError (node:internal/errors:393:5)
    at write_ (node:_http_outgoing:849:11)
    at ServerResponse.write (node:_http_outgoing:808:15)
    at apiRes.write (C:\Projects\next-blog-admin-fe-ts\node_modules\next\dist\server\api-utils\node.js:425:30)
    at redirect (C:\Projects\next-blog-admin-fe-ts\node_modules\next\dist\server\api-utils\index.js:94:9)
    at apiRes.redirect (C:\Projects\next-blog-admin-fe-ts\node_modules\next\dist\server\api-utils\node.js:439:67)
    at handler (webpack-internal:///(api)/./src/pages/api/login.ts:47:17)
    at process.processTicksAndRejections (node:internal/process/task_queues:95:5)
2023-11-04.09:56:26.516 [error] Error [ERR_STREAM_WRITE_AFTER_END]: write after end
    at new NodeError (node:internal/errors:393:5)
    at write_ (node:_http_outgoing:849:11)
    at ServerResponse.write (node:_http_outgoing:808:15)
    at apiRes.write (C:\Projects\next-blog-admin-fe-ts\node_modules\next\dist\server\api-utils\node.js:425:30)
    at redirect (C:\Projects\next-blog-admin-fe-ts\node_modules\next\dist\server\api-utils\index.js:94:9)
    at apiRes.redirect (C:\Projects\next-blog-admin-fe-ts\node_modules\next\dist\server\api-utils\node.js:439:67)
    at handler (webpack-internal:///(api)/./src/pages/api/login.ts:47:17)
    at process.processTicksAndRejections (node:internal/process/task_queues:95:5)
2023-11-04.09:56:26.527 [error] Error [ERR_STREAM_WRITE_AFTER_END]: write after end
    at new NodeError (node:internal/errors:393:5)
    at write_ (node:_http_outgoing:849:11)
    at ServerResponse.write (node:_http_outgoing:808:15)
    at apiRes.write (C:\Projects\next-blog-admin-fe-ts\node_modules\next\dist\server\api-utils\node.js:425:30)
    at redirect (C:\Projects\next-blog-admin-fe-ts\node_modules\next\dist\server\api-utils\index.js:94:9)
    at apiRes.redirect (C:\Projects\next-blog-admin-fe-ts\node_modules\next\dist\server\api-utils\node.js:439:67)
    at handler (webpack-internal:///(api)/./src/pages/api/login.ts:47:17)
    at process.processTicksAndRejections (node:internal/process/task_queues:95:5)
2023-11-04.09:56:28.117 [info] /
2023-11-04.09:56:35.256 [error] Error [ERR_STREAM_WRITE_AFTER_END]: write after end
    at new NodeError (node:internal/errors:393:5)
    at write_ (node:_http_outgoing:849:11)
    at ServerResponse.write (node:_http_outgoing:808:15)
    at apiRes.write (C:\Projects\next-blog-admin-fe-ts\node_modules\next\dist\server\api-utils\node.js:425:30)
    at redirect (C:\Projects\next-blog-admin-fe-ts\node_modules\next\dist\server\api-utils\index.js:94:9)
    at apiRes.redirect (C:\Projects\next-blog-admin-fe-ts\node_modules\next\dist\server\api-utils\node.js:439:67)
    at handler (webpack-internal:///(api)/./src/pages/api/login.ts:47:17)
    at process.processTicksAndRejections (node:internal/process/task_queues:95:5)
2023-11-04.10:02:04.412 [info] /
2023-11-04.10:02:11.187 [info] /
2023-11-04.10:07:00.928 [info] /
2023-11-04.10:07:00.969 [info] /
2023-11-04.10:07:01.059 [info] /
2023-11-04.10:08:04.589 [info] /
2023-11-04.10:08:09.159 [info] /
2023-11-04.10:08:37.894 [info] /
2023-11-04.10:09:12.178 [info] /
2023-11-04.10:13:54.371 [info] /
2023-11-04.10:19:21.513 [info] /
2023-11-04.10:19:36.974 [info] /
2023-11-04.10:26:08.590 [info] /
2023-11-04.10:26:21.695 [info] /
2023-11-04.10:27:11.017 [info] /
2023-11-04.10:27:44.062 [info] /
2023-11-04.10:29:05.675 [info] /
2023-11-04.10:29:27.838 [info] /
2023-11-04.10:29:38.165 [info] /
2023-11-04.10:29:54.241 [info] /
2023-11-04.10:40:09.219 [info] /
2023-11-04.10:40:19.129 [info] /
2023-11-04.10:40:30.332 [info] /
